----------------------------------------------------------------
Mon Aug 22 05:57:45 GMT 2022:
Booting Derby version The Apache Software Foundation - Apache Derby - 10.14.2.0 - (1828579): instance a816c00e-0182-c420-e098-0000025b8e00 
on database directory memory:C:\Users\Administrator\Documents\workspace-spring-tool-suite-4-4.11.0.RELEASE\paymentProjectOurs1\44b53156-8cbb-4873-80b3-bfa67bbf4360 with class loader jdk.internal.loader.ClassLoaders$AppClassLoader@4cc77c2e 
Loaded from file:/C:/Users/Administrator/.m2/repository/org/apache/derby/derby/10.14.2.0/derby-10.14.2.0.jar
java.vendor=Oracle Corporation
java.runtime.version=16.0.1+9-24
user.dir=C:\Users\Administrator\Documents\workspace-spring-tool-suite-4-4.11.0.RELEASE\paymentProjectOurs1
os.name=Windows Server 2016
os.arch=amd64
os.version=10.0
derby.system.home=null
Database Class Loader started - derby.database.classpath=''
----------------------------------------------------------------
Mon Aug 22 05:59:37 GMT 2022:
Shutting down instance a816c00e-0182-c420-e098-0000025b8e00 on database directory memory:C:\Users\Administrator\Documents\workspace-spring-tool-suite-4-4.11.0.RELEASE\paymentProjectOurs1\44b53156-8cbb-4873-80b3-bfa67bbf4360 with class loader jdk.internal.loader.ClassLoaders$AppClassLoader@4cc77c2e 
----------------------------------------------------------------
Mon Aug 22 05:59:39 GMT 2022:
Booting Derby version The Apache Software Foundation - Apache Derby - 10.14.2.0 - (1828579): instance 0ddd00a9-0182-c420-e098-0000025b8e00 
on database directory memory:C:\Users\Administrator\Documents\workspace-spring-tool-suite-4-4.11.0.RELEASE\paymentProjectOurs1\0e2a56ff-b655-4f6d-b60d-d9856697f9a8 with class loader jdk.internal.loader.ClassLoaders$AppClassLoader@4cc77c2e 
Loaded from file:/C:/Users/Administrator/.m2/repository/org/apache/derby/derby/10.14.2.0/derby-10.14.2.0.jar
java.vendor=Oracle Corporation
java.runtime.version=16.0.1+9-24
user.dir=C:\Users\Administrator\Documents\workspace-spring-tool-suite-4-4.11.0.RELEASE\paymentProjectOurs1
os.name=Windows Server 2016
os.arch=amd64
os.version=10.0
derby.system.home=null
Database Class Loader started - derby.database.classpath=''
----------------------------------------------------------------
Mon Aug 22 06:00:11 GMT 2022:
Shutting down instance 0ddd00a9-0182-c420-e098-0000025b8e00 on database directory memory:C:\Users\Administrator\Documents\workspace-spring-tool-suite-4-4.11.0.RELEASE\paymentProjectOurs1\0e2a56ff-b655-4f6d-b60d-d9856697f9a8 with class loader jdk.internal.loader.ClassLoaders$AppClassLoader@4cc77c2e 
